<?xml version="1.0" encoding="UTF-8"?>
<coverage generated="1583153621505" clover="3.2.0">
  <project timestamp="1583153621506" name="All files">
    <metrics statements="44" coveredstatements="44" conditionals="19" coveredconditionals="19" methods="19" coveredmethods="19" elements="82" coveredelements="82" complexity="0" loc="44" ncloc="44" packages="1" files="1" classes="1"/>
    <file name="game.js" path="C:\appdev\gameOflife\game.js">
      <metrics statements="44" coveredstatements="44" conditionals="19" coveredconditionals="19" methods="19" coveredmethods="19"/>
      <line num="1" count="1" type="stmt"/>
      <line num="2" count="13" type="cond" truecount="5" falsecount="0"/>
      <line num="4" count="5" type="stmt"/>
      <line num="6" count="1" type="stmt"/>
      <line num="7" count="72" type="cond" truecount="2" falsecount="0"/>
      <line num="9" count="1" type="stmt"/>
      <line num="10" count="15" type="cond" truecount="2" falsecount="0"/>
      <line num="14" count="1" type="stmt"/>
      <line num="15" count="15" type="cond" truecount="2" falsecount="0"/>
      <line num="19" count="1" type="stmt"/>
      <line num="20" count="15" type="stmt"/>
      <line num="21" count="15" type="stmt"/>
      <line num="29" count="1" type="stmt"/>
      <line num="30" count="9" type="stmt"/>
      <line num="32" count="1" type="stmt"/>
      <line num="33" count="25" type="stmt"/>
      <line num="34" count="25" type="stmt"/>
      <line num="35" count="25" type="stmt"/>
      <line num="38" count="1" type="stmt"/>
      <line num="39" count="5" type="stmt"/>
      <line num="40" count="5" type="stmt"/>
      <line num="41" count="5" type="stmt"/>
      <line num="43" count="5" type="stmt"/>
      <line num="44" count="13" type="cond" truecount="2" falsecount="0"/>
      <line num="45" count="7" type="stmt"/>
      <line num="46" count="7" type="stmt"/>
      <line num="48" count="13" type="cond" truecount="2" falsecount="0"/>
      <line num="49" count="13" type="stmt"/>
      <line num="51" count="5" type="stmt"/>
      <line num="52" count="5" type="stmt"/>
      <line num="55" count="1" type="stmt"/>
      <line num="56" count="1" type="stmt"/>
      <line num="57" count="2" type="stmt"/>
      <line num="58" count="2" type="cond" truecount="2" falsecount="0"/>
      <line num="64" count="1" type="stmt"/>
      <line num="65" count="2" type="stmt"/>
      <line num="66" count="4" type="cond" truecount="2" falsecount="0"/>
      <line num="71" count="1" type="stmt"/>
      <line num="72" count="1" type="stmt"/>
      <line num="73" count="1" type="stmt"/>
      <line num="74" count="1" type="stmt"/>
      <line num="75" count="1" type="stmt"/>
      <line num="79" count="1" type="stmt"/>
      <line num="81" count="1" type="stmt"/>
    </file>
  </project>
</coverage>
