{"C:\\appdev\\gameOflife\\game.js": {"path":"C:\\appdev\\gameOflife\\game.js","statementMap":{"0":{"start":{"line":1,"column":16},"end":{"line":2,"column":65}},"1":{"start":{"line":2,"column":2},"end":{"line":2,"column":65}},"2":{"start":{"line":4,"column":17},"end":{"line":4,"column":55}},"3":{"start":{"line":4,"column":25},"end":{"line":4,"column":55}},"4":{"start":{"line":6,"column":12},"end":{"line":7,"column":72}},"5":{"start":{"line":7,"column":2},"end":{"line":7,"column":72}},"6":{"start":{"line":7,"column":40},"end":{"line":7,"column":68}},"7":{"start":{"line":9,"column":25},"end":{"line":12,"column":8}},"8":{"start":{"line":10,"column":2},"end":{"line":12,"column":8}},"9":{"start":{"line":14,"column":26},"end":{"line":17,"column":8}},"10":{"start":{"line":15,"column":2},"end":{"line":17,"column":8}},"11":{"start":{"line":19,"column":24},"end":{"line":27,"column":1}},"12":{"start":{"line":20,"column":16},"end":{"line":20,"column":39}},"13":{"start":{"line":21,"column":2},"end":{"line":26,"column":4}},"14":{"start":{"line":29,"column":19},"end":{"line":30,"column":74}},"15":{"start":{"line":30,"column":2},"end":{"line":30,"column":74}},"16":{"start":{"line":30,"column":29},"end":{"line":30,"column":73}},"17":{"start":{"line":32,"column":22},"end":{"line":36,"column":1}},"18":{"start":{"line":33,"column":18},"end":{"line":33,"column":47}},"19":{"start":{"line":34,"column":2},"end":{"line":34,"column":32}},"20":{"start":{"line":35,"column":2},"end":{"line":35,"column":17}},"21":{"start":{"line":38,"column":17},"end":{"line":53,"column":1}},"22":{"start":{"line":39,"column":16},"end":{"line":39,"column":39}},"23":{"start":{"line":40,"column":15},"end":{"line":40,"column":46}},"24":{"start":{"line":41,"column":20},"end":{"line":41,"column":46}},"25":{"start":{"line":43,"column":2},"end":{"line":50,"column":5}},"26":{"start":{"line":44,"column":4},"end":{"line":47,"column":5}},"27":{"start":{"line":45,"column":6},"end":{"line":45,"column":33}},"28":{"start":{"line":46,"column":6},"end":{"line":46,"column":33}},"29":{"start":{"line":48,"column":19},"end":{"line":48,"column":72}},"30":{"start":{"line":49,"column":4},"end":{"line":49,"column":28}},"31":{"start":{"line":51,"column":2},"end":{"line":51,"column":22}},"32":{"start":{"line":52,"column":2},"end":{"line":52,"column":30}},"33":{"start":{"line":55,"column":31},"end":{"line":62,"column":1}},"34":{"start":{"line":56,"column":2},"end":{"line":61,"column":5}},"35":{"start":{"line":57,"column":22},"end":{"line":57,"column":44}},"36":{"start":{"line":58,"column":4},"end":{"line":60,"column":42}},"37":{"start":{"line":64,"column":24},"end":{"line":67,"column":3}},"38":{"start":{"line":65,"column":2},"end":{"line":67,"column":3}},"39":{"start":{"line":66,"column":4},"end":{"line":66,"column":43}},"40":{"start":{"line":71,"column":14},"end":{"line":77,"column":1}},"41":{"start":{"line":72,"column":19},"end":{"line":72,"column":41}},"42":{"start":{"line":73,"column":2},"end":{"line":76,"column":10}},"43":{"start":{"line":74,"column":4},"end":{"line":74,"column":45}},"44":{"start":{"line":75,"column":4},"end":{"line":75,"column":30}},"45":{"start":{"line":79,"column":13},"end":{"line":79,"column":42}},"46":{"start":{"line":79,"column":19},"end":{"line":79,"column":42}},"47":{"start":{"line":81,"column":0},"end":{"line":91,"column":2}}},"fnMap":{"0":{"name":"(anonymous_0)","decl":{"start":{"line":1,"column":16},"end":{"line":1,"column":17}},"loc":{"start":{"line":2,"column":2},"end":{"line":2,"column":65}},"line":2},"1":{"name":"(anonymous_1)","decl":{"start":{"line":4,"column":17},"end":{"line":4,"column":18}},"loc":{"start":{"line":4,"column":25},"end":{"line":4,"column":55}},"line":4},"2":{"name":"(anonymous_2)","decl":{"start":{"line":6,"column":12},"end":{"line":6,"column":13}},"loc":{"start":{"line":7,"column":2},"end":{"line":7,"column":72}},"line":7},"3":{"name":"(anonymous_3)","decl":{"start":{"line":7,"column":14},"end":{"line":7,"column":15}},"loc":{"start":{"line":7,"column":40},"end":{"line":7,"column":68}},"line":7},"4":{"name":"(anonymous_4)","decl":{"start":{"line":9,"column":25},"end":{"line":9,"column":26}},"loc":{"start":{"line":10,"column":2},"end":{"line":12,"column":8}},"line":10},"5":{"name":"(anonymous_5)","decl":{"start":{"line":14,"column":26},"end":{"line":14,"column":27}},"loc":{"start":{"line":15,"column":2},"end":{"line":17,"column":8}},"line":15},"6":{"name":"(anonymous_6)","decl":{"start":{"line":19,"column":24},"end":{"line":19,"column":25}},"loc":{"start":{"line":19,"column":42},"end":{"line":27,"column":1}},"line":19},"7":{"name":"(anonymous_7)","decl":{"start":{"line":29,"column":19},"end":{"line":29,"column":20}},"loc":{"start":{"line":30,"column":2},"end":{"line":30,"column":74}},"line":30},"8":{"name":"(anonymous_8)","decl":{"start":{"line":30,"column":12},"end":{"line":30,"column":13}},"loc":{"start":{"line":30,"column":29},"end":{"line":30,"column":73}},"line":30},"9":{"name":"(anonymous_9)","decl":{"start":{"line":32,"column":22},"end":{"line":32,"column":23}},"loc":{"start":{"line":32,"column":35},"end":{"line":36,"column":1}},"line":32},"10":{"name":"(anonymous_10)","decl":{"start":{"line":38,"column":17},"end":{"line":38,"column":18}},"loc":{"start":{"line":38,"column":26},"end":{"line":53,"column":1}},"line":38},"11":{"name":"(anonymous_11)","decl":{"start":{"line":43,"column":16},"end":{"line":43,"column":17}},"loc":{"start":{"line":43,"column":33},"end":{"line":50,"column":3}},"line":43},"12":{"name":"(anonymous_12)","decl":{"start":{"line":55,"column":31},"end":{"line":55,"column":32}},"loc":{"start":{"line":55,"column":37},"end":{"line":62,"column":1}},"line":55},"13":{"name":"(anonymous_13)","decl":{"start":{"line":56,"column":60},"end":{"line":56,"column":61}},"loc":{"start":{"line":56,"column":69},"end":{"line":61,"column":3}},"line":56},"14":{"name":"(anonymous_14)","decl":{"start":{"line":64,"column":24},"end":{"line":64,"column":25}},"loc":{"start":{"line":65,"column":2},"end":{"line":67,"column":3}},"line":65},"15":{"name":"(anonymous_15)","decl":{"start":{"line":65,"column":53},"end":{"line":65,"column":54}},"loc":{"start":{"line":66,"column":4},"end":{"line":66,"column":43}},"line":66},"16":{"name":"(anonymous_16)","decl":{"start":{"line":71,"column":14},"end":{"line":71,"column":15}},"loc":{"start":{"line":71,"column":20},"end":{"line":77,"column":1}},"line":71},"17":{"name":"(anonymous_17)","decl":{"start":{"line":73,"column":25},"end":{"line":73,"column":26}},"loc":{"start":{"line":73,"column":31},"end":{"line":76,"column":3}},"line":73},"18":{"name":"(anonymous_18)","decl":{"start":{"line":79,"column":13},"end":{"line":79,"column":14}},"loc":{"start":{"line":79,"column":19},"end":{"line":79,"column":42}},"line":79}},"branchMap":{"0":{"loc":{"start":{"line":2,"column":2},"end":{"line":2,"column":65}},"type":"cond-expr","locations":[{"start":{"line":2,"column":60},"end":{"line":2,"column":61}},{"start":{"line":2,"column":64},"end":{"line":2,"column":65}}],"line":2},"1":{"loc":{"start":{"line":2,"column":2},"end":{"line":2,"column":57}},"type":"binary-expr","locations":[{"start":{"line":2,"column":2},"end":{"line":2,"column":18}},{"start":{"line":2,"column":23},"end":{"line":2,"column":36}},{"start":{"line":2,"column":40},"end":{"line":2,"column":56}}],"line":2},"2":{"loc":{"start":{"line":7,"column":55},"end":{"line":7,"column":67}},"type":"binary-expr","locations":[{"start":{"line":7,"column":55},"end":{"line":7,"column":62}},{"start":{"line":7,"column":66},"end":{"line":7,"column":67}}],"line":7},"3":{"loc":{"start":{"line":10,"column":2},"end":{"line":12,"column":8}},"type":"cond-expr","locations":[{"start":{"line":11,"column":6},"end":{"line":11,"column":76}},{"start":{"line":12,"column":6},"end":{"line":12,"column":8}}],"line":10},"4":{"loc":{"start":{"line":15,"column":2},"end":{"line":17,"column":8}},"type":"cond-expr","locations":[{"start":{"line":16,"column":6},"end":{"line":16,"column":76}},{"start":{"line":17,"column":6},"end":{"line":17,"column":8}}],"line":15},"5":{"loc":{"start":{"line":44,"column":4},"end":{"line":47,"column":5}},"type":"if","locations":[{"start":{"line":44,"column":4},"end":{"line":47,"column":5}},{"start":{"line":44,"column":4},"end":{"line":47,"column":5}}],"line":44},"6":{"loc":{"start":{"line":48,"column":41},"end":{"line":48,"column":69}},"type":"cond-expr","locations":[{"start":{"line":48,"column":54},"end":{"line":48,"column":60}},{"start":{"line":48,"column":63},"end":{"line":48,"column":69}}],"line":48},"7":{"loc":{"start":{"line":58,"column":29},"end":{"line":60,"column":41}},"type":"cond-expr","locations":[{"start":{"line":59,"column":8},"end":{"line":59,"column":41}},{"start":{"line":60,"column":8},"end":{"line":60,"column":41}}],"line":58},"8":{"loc":{"start":{"line":66,"column":4},"end":{"line":66,"column":43}},"type":"cond-expr","locations":[{"start":{"line":66,"column":38},"end":{"line":66,"column":39}},{"start":{"line":66,"column":42},"end":{"line":66,"column":43}}],"line":66}},"s":{"0":1,"1":13,"2":1,"3":5,"4":1,"5":15,"6":72,"7":1,"8":15,"9":1,"10":15,"11":1,"12":15,"13":15,"14":1,"15":4,"16":9,"17":1,"18":25,"19":25,"20":25,"21":1,"22":5,"23":5,"24":5,"25":5,"26":13,"27":7,"28":7,"29":13,"30":13,"31":5,"32":5,"33":1,"34":1,"35":2,"36":2,"37":1,"38":2,"39":4,"40":1,"41":1,"42":1,"43":1,"44":1,"45":1,"46":1,"47":1},"f":{"0":13,"1":5,"2":15,"3":72,"4":15,"5":15,"6":15,"7":4,"8":9,"9":25,"10":5,"11":13,"12":1,"13":2,"14":2,"15":4,"16":1,"17":1,"18":1},"b":{"0":[6,7],"1":[13,11,6],"2":[72,48],"3":[7,8],"4":[7,8],"5":[7,6],"6":[7,6],"7":[1,1],"8":[2,2]},"_coverageSchema":"1a1c01bbd47fc00a2c39e90264f33305004495a9","hash":"2ba79b9cc85c6c9330dec20b2b1e023ea9579e75"}
}
