TN:
SF:game.js
FN:1,(anonymous_0)
FN:4,(anonymous_1)
FN:6,(anonymous_2)
FN:7,(anonymous_3)
FN:9,(anonymous_4)
FN:14,(anonymous_5)
FN:19,(anonymous_6)
FN:29,(anonymous_7)
FN:30,(anonymous_8)
FN:32,(anonymous_9)
FN:38,(anonymous_10)
FN:43,(anonymous_11)
FN:55,(anonymous_12)
FN:56,(anonymous_13)
FN:64,(anonymous_14)
FN:65,(anonymous_15)
FN:71,(anonymous_16)
FN:73,(anonymous_17)
FN:79,(anonymous_18)
FNF:19
FNH:19
FNDA:13,(anonymous_0)
FNDA:5,(anonymous_1)
FNDA:15,(anonymous_2)
FNDA:72,(anonymous_3)
FNDA:15,(anonymous_4)
FNDA:15,(anonymous_5)
FNDA:15,(anonymous_6)
FNDA:4,(anonymous_7)
FNDA:9,(anonymous_8)
FNDA:25,(anonymous_9)
FNDA:5,(anonymous_10)
FNDA:13,(anonymous_11)
FNDA:1,(anonymous_12)
FNDA:2,(anonymous_13)
FNDA:2,(anonymous_14)
FNDA:4,(anonymous_15)
FNDA:1,(anonymous_16)
FNDA:1,(anonymous_17)
FNDA:1,(anonymous_18)
DA:1,1
DA:2,13
DA:4,5
DA:6,1
DA:7,72
DA:9,1
DA:10,15
DA:14,1
DA:15,15
DA:19,1
DA:20,15
DA:21,15
DA:29,1
DA:30,9
DA:32,1
DA:33,25
DA:34,25
DA:35,25
DA:38,1
DA:39,5
DA:40,5
DA:41,5
DA:43,5
DA:44,13
DA:45,7
DA:46,7
DA:48,13
DA:49,13
DA:51,5
DA:52,5
DA:55,1
DA:56,1
DA:57,2
DA:58,2
DA:64,1
DA:65,2
DA:66,4
DA:71,1
DA:72,1
DA:73,1
DA:74,1
DA:75,1
DA:79,1
DA:81,1
LF:44
LH:44
BRDA:2,0,0,6
BRDA:2,0,1,7
BRDA:2,1,0,13
BRDA:2,1,1,11
BRDA:2,1,2,6
BRDA:7,2,0,72
BRDA:7,2,1,48
BRDA:10,3,0,7
BRDA:10,3,1,8
BRDA:15,4,0,7
BRDA:15,4,1,8
BRDA:44,5,0,7
BRDA:44,5,1,6
BRDA:48,6,0,7
BRDA:48,6,1,6
BRDA:58,7,0,1
BRDA:58,7,1,1
BRDA:66,8,0,2
BRDA:66,8,1,2
BRF:19
BRH:19
end_of_record
